c:\users\vztpv\downloads\clautext-master (2)\clautext-master\clautext vs\clautext\release\vc141.pdb
c:\users\vztpv\downloads\clautext-master (2)\clautext-master\clautext vs\clautext\release\static_declaration.obj
c:\users\vztpv\downloads\clautext-master (2)\clautext-master\clautext vs\clautext\release\main.obj
c:\users\vztpv\downloads\clautext-master (2)\clautext-master\clautext vs\clautext\release\load_data.obj
c:\users\vztpv\downloads\clautext-master (2)\clautext-master\clautext vs\clautext\release\global.obj
c:\users\vztpv\downloads\clautext-master (2)\clautext-master\clautext vs\clautext\release\clautext.obj
c:\users\vztpv\downloads\clautext-master (2)\clautext-master\clautext vs\release\clautext.ipdb
c:\users\vztpv\downloads\clautext-master (2)\clautext-master\clautext vs\release\clautext.iobj
c:\users\vztpv\downloads\clautext-master (2)\clautext-master\release\clautext.ipdb
c:\users\vztpv\downloads\clautext-master (2)\clautext-master\release\clautext.iobj
c:\users\vztpv\downloads\clautext-master (2)\clautext-master\clautext vs\release\clautext.exe
c:\users\vztpv\downloads\clautext-master (2)\clautext-master\clautext vs\release\clautext.pdb
c:\users\vztpv\downloads\clautext-master (2)\clautext-master\release\clautext.exe
c:\users\vztpv\downloads\clautext-master (2)\clautext-master\release\clautext.pdb
c:\users\vztpv\downloads\clautext-master (2)\clautext-master\clautext\release\clautext.obj
c:\users\vztpv\downloads\clautext-master (2)\clautext-master\clautext\release\global.obj
c:\users\vztpv\downloads\clautext-master (2)\clautext-master\clautext\release\load_data.obj
c:\users\vztpv\downloads\clautext-master (2)\clautext-master\clautext\release\main.obj
c:\users\vztpv\downloads\clautext-master (2)\clautext-master\clautext\release\static_declaration.obj
c:\users\vztpv\downloads\clautext-master (2)\clautext-master\clautext\release\vc141.pdb
c:\users\vztpv\downloads\clautext-master (2)\clautext-master\clautext\release\clautext.tlog\cl.command.1.tlog
c:\users\vztpv\downloads\clautext-master (2)\clautext-master\clautext\release\clautext.tlog\cl.read.1.tlog
c:\users\vztpv\downloads\clautext-master (2)\clautext-master\clautext\release\clautext.tlog\cl.write.1.tlog
c:\users\vztpv\downloads\clautext-master (2)\clautext-master\clautext\release\clautext.tlog\clautext.write.1u.tlog
c:\users\vztpv\downloads\clautext-master (2)\clautext-master\clautext\release\clautext.tlog\link.command.1.tlog
c:\users\vztpv\downloads\clautext-master (2)\clautext-master\clautext\release\clautext.tlog\link.read.1.tlog
c:\users\vztpv\downloads\clautext-master (2)\clautext-master\clautext\release\clautext.tlog\link.write.1.tlog
